2025-02-24 21:40:28,555 - my_app - INFO - BUCKET_NAME from env: marketing.models
2025-02-25 13:40:42,919 - my_app - INFO - BUCKET_NAME from env: models
2025-02-24 21:40:43,414 - my_app - INFO - Downloaded models/churn_model_20250220_182726.pkl from MinIO to temporary file /tmp/tmpt5bc2mbn.
2025-02-24 21:40:43,424 - my_app - INFO - Downloaded models/minmax_scaler.pkl from MinIO to temporary file /tmp/tmpiulonbpb.
2025-02-24 21:40:43,451 - my_app - ERROR - Unable to download models/churn_cox_model.pkl from bucket marketing.models: An error occurred (404) when calling the HeadObject operation: Not Found
2025-02-24 21:40:53,364 - my_app - ERROR - Unable to download models/churn_cox_model.pkl from bucket marketing.models: An error occurred (404) when calling the HeadObject operation: Not Found
2025-02-25 13:42:41,549 - my_app - INFO - BUCKET_NAME from env: models
2025-02-24 21:42:41,978 - my_app - ERROR - Unable to download models/churn_cox_model.pkl from bucket marketing.models: An error occurred (404) when calling the HeadObject operation: Not Found
2025-02-24 21:42:42,013 - my_app - INFO - Downloaded models/churn_model_20250220_182726.pkl from MinIO to temporary file /tmp/tmpzohpnmry.
2025-02-24 21:42:42,024 - my_app - INFO - Downloaded models/minmax_scaler.pkl from MinIO to temporary file /tmp/tmpa5wh8c0q.
2025-02-24 21:42:42,065 - my_app - ERROR - Unable to download models/churn_cox_model.pkl from bucket marketing.models: An error occurred (404) when calling the HeadObject operation: Not Found
2025-02-24 21:42:50,117 - my_app - ERROR - Unable to download models/churn_cox_model.pkl from bucket marketing.models: An error occurred (404) when calling the HeadObject operation: Not Found
2025-02-25 13:44:16,849 - my_app - INFO - BUCKET_NAME from env: models
2025-02-24 21:44:17,379 - my_app - ERROR - Unable to download models/churn_cox_model.pkl from bucket marketing.models: An error occurred (404) when calling the HeadObject operation: Not Found
2025-02-24 21:44:19,989 - my_app - ERROR - Unable to download models/churn_cox_model.pkl from bucket marketing.models: An error occurred (404) when calling the HeadObject operation: Not Found
2025-02-24 21:44:43,442 - my_app - INFO - BUCKET_NAME from env: marketing.models
2025-02-25 13:45:08,627 - my_app - INFO - BUCKET_NAME from env: models
2025-02-24 21:45:09,024 - my_app - INFO - Downloaded models/churn_model_20250220_182726.pkl from MinIO to temporary file /tmp/tmp2fewu414.
2025-02-24 21:45:09,033 - my_app - INFO - Downloaded models/minmax_scaler.pkl from MinIO to temporary file /tmp/tmp7aezzmvh.
2025-02-24 21:45:09,057 - my_app - ERROR - Unable to download models/churn_cox_model.pkl from bucket marketing.models: An error occurred (404) when calling the HeadObject operation: Not Found
2025-02-24 21:49:23,755 - my_app - INFO - BUCKET_NAME from env: marketing.models
2025-02-25 13:49:37,143 - my_app - INFO - BUCKET_NAME from env: models
2025-02-24 21:49:37,491 - my_app - INFO - Downloaded models/churn_model_20250220_182726.pkl from MinIO to temporary file /tmp/tmp86t56ha_.
2025-02-24 21:49:37,502 - my_app - INFO - Downloaded models/minmax_scaler.pkl from MinIO to temporary file /tmp/tmp5liw6xbx.
2025-02-24 21:49:38,383 - my_app - INFO - Downloaded models/inference_features.txt from MinIO to temporary file /tmp/tmpyujesh0h.
2025-02-24 21:53:44,219 - my_app - INFO - BUCKET_NAME from env: marketing.models
2025-02-25 13:53:58,048 - my_app - INFO - BUCKET_NAME from env: models
2025-02-24 21:53:58,398 - my_app - INFO - Downloaded models/churn_model_20250220_182726.pkl from MinIO to temporary file /tmp/tmpa4vwqc7d.
2025-02-24 21:53:58,409 - my_app - INFO - Downloaded models/minmax_scaler.pkl from MinIO to temporary file /tmp/tmpcxrulk6l.
2025-02-25 13:56:32,380 - my_app - INFO - BUCKET_NAME from env: models
2025-02-24 21:56:48,355 - my_app - INFO - BUCKET_NAME from env: marketing.models
2025-02-25 13:56:57,476 - my_app - INFO - BUCKET_NAME from env: models
2025-02-24 21:56:57,869 - my_app - INFO - Downloaded models/churn_model_20250220_182726.pkl from MinIO to temporary file /tmp/tmpbr016x9o.
2025-02-24 21:56:57,879 - my_app - INFO - Downloaded models/minmax_scaler.pkl from MinIO to temporary file /tmp/tmpa1y_4eh_.
2025-02-24 21:56:58,780 - my_app - INFO - Downloaded models/inference_features.txt from MinIO to temporary file /tmp/tmpcp9vegao.
2025-02-24 22:09:23,852 - my_app - INFO - BUCKET_NAME from env: marketing.models
2025-02-25 14:09:38,473 - my_app - INFO - BUCKET_NAME from env: models
2025-02-24 22:09:38,862 - my_app - INFO - Downloaded models/churn_model_20250220_182726.pkl from MinIO to temporary file /tmp/tmpscyeempn.
2025-02-24 22:09:38,874 - my_app - INFO - Downloaded models/minmax_scaler.pkl from MinIO to temporary file /tmp/tmp9iiwula3.
2025-02-24 22:09:38,898 - my_app - ERROR - Unable to download models/churn_cox_model_20250225_132154.pkl from bucket marketing.models: An error occurred (404) when calling the HeadObject operation: Not Found
2025-02-24 22:11:41,699 - my_app - INFO - BUCKET_NAME from env: marketing.models
2025-02-25 14:11:54,699 - my_app - INFO - BUCKET_NAME from env: models
2025-02-24 22:11:55,053 - my_app - INFO - Downloaded models/churn_model_20250220_182726.pkl from MinIO to temporary file /tmp/tmpwzzbyciz.
2025-02-24 22:11:55,064 - my_app - INFO - Downloaded models/minmax_scaler.pkl from MinIO to temporary file /tmp/tmp43f5l6vp.
2025-02-24 22:11:55,086 - my_app - ERROR - Unable to download models/churn_cox_model_20250225_132154.pkl from bucket marketing.models: An error occurred (404) when calling the HeadObject operation: Not Found
2025-02-24 22:14:03,794 - my_app - INFO - BUCKET_NAME from env: marketing.models
2025-02-25 14:14:17,710 - my_app - INFO - BUCKET_NAME from env: models
2025-02-24 22:14:18,120 - my_app - INFO - Downloaded models/churn_model_20250220_182726.pkl from MinIO to temporary file /tmp/tmp6wv4zl7t.
2025-02-24 22:14:18,132 - my_app - INFO - Downloaded models/minmax_scaler.pkl from MinIO to temporary file /tmp/tmp0p12t1l3.
2025-02-24 22:14:18,159 - my_app - ERROR - Unable to download models/churn_cox_model_20250225_132154.pkl from bucket marketing.models: An error occurred (404) when calling the HeadObject operation: Not Found
2025-02-24 22:16:20,965 - my_app - INFO - BUCKET_NAME from env: marketing.models
2025-02-25 14:16:39,595 - my_app - INFO - BUCKET_NAME from env: models
2025-02-24 22:16:39,930 - my_app - INFO - Downloaded models/churn_model_20250220_182726.pkl from MinIO to temporary file /tmp/tmp3gfb3h3l.
2025-02-24 22:16:39,939 - my_app - INFO - Downloaded models/minmax_scaler.pkl from MinIO to temporary file /tmp/tmptfvsj7lq.
2025-02-24 22:16:39,962 - my_app - ERROR - Unable to download models/churn_cox_model_20250225_132154.pkl from bucket marketing.models: An error occurred (404) when calling the HeadObject operation: Not Found
2025-02-24 22:29:15,832 - my_app - INFO - BUCKET_NAME from env: marketing.models
2025-02-25 14:55:37,867 - my_app - INFO - BUCKET_NAME from env: models
2025-02-24 22:55:38,288 - my_app - INFO - Downloaded models/churn_model_20250220_182726.pkl from MinIO to temporary file /tmp/tmp0hkgdvqm.
2025-02-24 22:55:38,298 - my_app - INFO - Downloaded models/minmax_scaler.pkl from MinIO to temporary file /tmp/tmpew2mo_eu.
2025-02-24 22:55:38,326 - my_app - ERROR - Unable to download models/churn_cox_model_20250225_132154.pkl from bucket marketing.models: An error occurred (404) when calling the HeadObject operation: Not Found
2025-02-24 22:59:56,930 - my_app - INFO - BUCKET_NAME from env: marketing.models
2025-02-25 15:00:12,671 - my_app - INFO - BUCKET_NAME from env: models
2025-02-24 23:00:13,021 - my_app - INFO - Downloaded models/churn_model_20250220_182726.pkl from MinIO to temporary file /tmp/tmp7aicc9kw.
2025-02-24 23:00:13,031 - my_app - INFO - Downloaded models/minmax_scaler.pkl from MinIO to temporary file /tmp/tmp9wcxxr42.
2025-02-24 23:00:13,945 - my_app - INFO - Downloaded models/inference_features.txt from MinIO to temporary file /tmp/tmppi0mhz_7.
2025-02-24 23:04:19,339 - my_app - INFO - BUCKET_NAME from env: marketing.models
2025-02-25 15:04:39,997 - my_app - INFO - BUCKET_NAME from env: models
2025-02-24 23:04:40,381 - my_app - INFO - Downloaded models/churn_model_20250220_182726.pkl from MinIO to temporary file /tmp/tmp4kkeug8f.
2025-02-24 23:04:40,393 - my_app - INFO - Downloaded models/minmax_scaler.pkl from MinIO to temporary file /tmp/tmp4kl7hudo.
2025-02-24 23:04:41,063 - my_app - INFO - Downloaded models/inference_features.txt from MinIO to temporary file /tmp/tmprzw7t56h.
2025-02-24 23:27:15,840 - my_app - INFO - BUCKET_NAME from env: marketing.models
2025-02-24 23:29:00,933 - my_app - INFO - BUCKET_NAME from env: marketing.models
2025-02-24 23:29:30,436 - my_app - INFO - BUCKET_NAME from env: marketing.models
2025-02-24 23:40:08,479 - my_app - INFO - BUCKET_NAME from env: marketing.models
2025-02-25 15:40:19,641 - my_app - INFO - BUCKET_NAME from env: models
2025-02-24 23:40:20,045 - my_app - INFO - Downloaded models/churn_model_20250220_182726.pkl from MinIO to temporary file /tmp/tmp7qdgdtt4.
2025-02-24 23:40:20,055 - my_app - INFO - Downloaded models/minmax_scaler.pkl from MinIO to temporary file /tmp/tmps5aqdmjn.
2025-02-24 23:40:21,079 - my_app - INFO - Downloaded models/inference_features_churn.txt from MinIO to temporary file /tmp/tmpw0f94lln.
2025-02-24 23:49:57,163 - my_app - INFO - BUCKET_NAME from env: marketing.models
2025-02-24 23:49:57,380 - my_app - INFO - Downloaded models/churn_model_20250220_182726.pkl from MinIO to temporary file /tmp/tmpq2_m8t6a.
2025-02-24 23:49:57,389 - my_app - INFO - Downloaded models/minmax_scaler.pkl from MinIO to temporary file /tmp/tmpq0i_l2pl.
2025-02-24 23:49:58,176 - my_app - INFO - Downloaded models/inference_features_churn.txt from MinIO to temporary file /tmp/tmpqxc0yl_d.
2025-02-25 00:02:30,471 - my_app - INFO - BUCKET_NAME from env: marketing.models
2025-02-25 00:02:30,731 - my_app - INFO - Downloaded models/churn_model_20250220_182726.pkl from MinIO to temporary file /tmp/tmpb29oqvoz.
2025-02-25 00:02:30,741 - my_app - INFO - Downloaded models/minmax_scaler.pkl from MinIO to temporary file /tmp/tmpjwtlo9je.
2025-02-25 00:05:32,149 - my_app - INFO - BUCKET_NAME from env: marketing.models
2025-02-25 00:05:32,387 - my_app - INFO - Downloaded models/churn_model_20250220_182726.pkl from MinIO to temporary file /tmp/tmp2tw6h6ww.
2025-02-25 00:05:32,396 - my_app - INFO - Downloaded models/minmax_scaler.pkl from MinIO to temporary file /tmp/tmpf4ibf4jz.
2025-02-25 00:16:16,860 - my_app - INFO - BUCKET_NAME from env: marketing.models
2025-02-25 00:16:17,174 - my_app - INFO - Downloaded models/churn_model_20250220_182726.pkl from MinIO to temporary file /tmp/tmpamwzlwz2.
2025-02-25 00:16:17,184 - my_app - INFO - Downloaded models/minmax_scaler.pkl from MinIO to temporary file /tmp/tmpd_3kgoc5.
2025-02-25 00:19:11,113 - my_app - INFO - BUCKET_NAME from env: marketing.models
2025-02-25 00:19:11,330 - my_app - INFO - Downloaded models/churn_model_20250220_182726.pkl from MinIO to temporary file /tmp/tmpazq5k7q5.
2025-02-25 00:19:11,339 - my_app - INFO - Downloaded models/minmax_scaler.pkl from MinIO to temporary file /tmp/tmpqb50auar.
2025-02-25 00:28:33,415 - my_app - INFO - BUCKET_NAME from env: marketing.models
2025-02-25 00:28:33,661 - my_app - INFO - Downloaded models/churn_model_20250220_182726.pkl from MinIO to temporary file /tmp/tmp_hlahlty.
2025-02-25 00:28:33,670 - my_app - INFO - Downloaded models/minmax_scaler.pkl from MinIO to temporary file /tmp/tmpc4p9vfm2.
2025-02-25 00:38:27,312 - my_app - INFO - BUCKET_NAME from env: marketing.models
2025-02-25 00:38:27,535 - my_app - INFO - Downloaded models/churn_model_20250225_163303.pkl from MinIO to temporary file /tmp/tmpe4dpjlxe.
2025-02-25 00:38:27,544 - my_app - INFO - Downloaded models/minmax_scaler.pkl from MinIO to temporary file /tmp/tmpwr273ws8.
2025-02-25 00:45:52,954 - my_app - INFO - BUCKET_NAME from env: marketing.models
2025-02-25 00:45:53,211 - my_app - INFO - Downloaded models/churn_model_20250225_164345.pkl from MinIO to temporary file /tmp/tmph_es85r7.
2025-02-25 00:45:53,221 - my_app - INFO - Downloaded models/minmax_scaler.pkl from MinIO to temporary file /tmp/tmpgfbfioy5.
2025-02-25 00:50:19,040 - my_app - INFO - BUCKET_NAME from env: marketing.models
2025-02-25 00:50:19,290 - my_app - INFO - Downloaded models/churn_model_20250225_164345.pkl from MinIO to temporary file /tmp/tmp9jf32dxc.
2025-02-25 00:50:19,300 - my_app - INFO - Downloaded models/minmax_scaler.pkl from MinIO to temporary file /tmp/tmpq0_xe6d_.
2025-02-25 01:02:25,131 - my_app - INFO - BUCKET_NAME from env: marketing.models
2025-02-25 01:02:25,372 - my_app - INFO - Downloaded models/churn_model_20250225_164345.pkl from MinIO to temporary file /tmp/tmpvm0q2v07.
2025-02-25 01:02:25,381 - my_app - INFO - Downloaded models/minmax_scaler.pkl from MinIO to temporary file /tmp/tmpg3krso9s.
2025-02-25 01:05:54,039 - my_app - INFO - BUCKET_NAME from env: marketing.models
2025-02-25 01:05:54,272 - my_app - INFO - Downloaded models/churn_model_20250225_164345.pkl from MinIO to temporary file /tmp/tmpweeojnni.
2025-02-25 01:05:54,282 - my_app - INFO - Downloaded models/minmax_scaler.pkl from MinIO to temporary file /tmp/tmp504lwd03.
2025-02-25 01:24:42,464 - my_app - INFO - BUCKET_NAME from env: marketing.models
2025-02-25 01:24:42,723 - my_app - INFO - Downloaded models/churn_model_20250225_164345.pkl from MinIO to temporary file /tmp/tmpl5qnyfa3.
2025-02-25 01:24:42,735 - my_app - INFO - Downloaded models/minmax_scaler.pkl from MinIO to temporary file /tmp/tmpvyqlw0o9.
2025-02-25 01:30:14,690 - my_app - INFO - BUCKET_NAME from env: marketing.models
2025-02-25 01:30:14,870 - my_app - INFO - Downloaded models/churn_model_20250225_164345.pkl from MinIO to temporary file /tmp/tmp5usrgd25.
2025-02-25 01:30:14,881 - my_app - INFO - Downloaded models/minmax_scaler.pkl from MinIO to temporary file /tmp/tmp9bczrmye.
2025-02-25 01:34:14,315 - my_app - INFO - BUCKET_NAME from env: marketing.models
2025-02-25 01:34:14,547 - my_app - INFO - Downloaded models/churn_model_20250225_173227.pkl from MinIO to temporary file /tmp/tmp_1qs1d0p.
2025-02-25 01:34:14,556 - my_app - INFO - Downloaded models/minmax_scaler.pkl from MinIO to temporary file /tmp/tmp_hbfugg0.
2025-02-25 02:19:25,905 - my_app - INFO - BUCKET_NAME from env: marketing.models
2025-02-25 02:19:26,196 - my_app - ERROR - Unable to download models/churn_model_20250225_175647.pkl from bucket marketing.models: An error occurred (404) when calling the HeadObject operation: Not Found
2025-02-25 02:20:09,621 - my_app - ERROR - Unable to download models/churn_model_20250225_175647.pkl from bucket marketing.models: An error occurred (404) when calling the HeadObject operation: Not Found
2025-02-25 02:20:35,480 - my_app - INFO - BUCKET_NAME from env: marketing.models
2025-02-25 02:20:35,736 - my_app - ERROR - Unable to download models/churn_model_20250225_175647.pkl from bucket marketing.models: An error occurred (404) when calling the HeadObject operation: Not Found
2025-02-25 02:23:22,158 - my_app - INFO - BUCKET_NAME from env: marketing.models
2025-02-25 02:23:22,400 - my_app - ERROR - Unable to download models/churn_model_20250225_175647.pkl from bucket marketing.models: An error occurred (404) when calling the HeadObject operation: Not Found
2025-02-25 02:26:49,128 - my_app - INFO - BUCKET_NAME from env: marketing.models
2025-02-25 02:26:49,293 - my_app - ERROR - Unable to download models/churn_model_20250225_175647.pkl from bucket marketing.models: An error occurred (404) when calling the HeadObject operation: Not Found
2025-02-25 02:30:34,723 - my_app - INFO - BUCKET_NAME from env: marketing.models
2025-02-25 02:30:34,943 - my_app - INFO - Downloaded models/churn_model_20250225_175647.pkl from MinIO to temporary file /tmp/tmp5bp1a_zp.
2025-02-25 02:30:34,953 - my_app - INFO - Downloaded models/minmax_scaler.pkl from MinIO to temporary file /tmp/tmpc9unsfcl.
2025-02-25 02:37:06,256 - my_app - INFO - BUCKET_NAME from env: marketing.models
2025-02-25 02:37:06,476 - my_app - INFO - Downloaded models/churn_model_20250225_175647.pkl from MinIO to temporary file /tmp/tmp_p1q0hmv.
2025-02-25 02:37:06,486 - my_app - INFO - Downloaded models/minmax_scaler.pkl from MinIO to temporary file /tmp/tmp6hy6pzgw.
2025-02-25 02:41:35,160 - my_app - INFO - BUCKET_NAME from env: marketing.models
2025-02-25 02:41:35,382 - my_app - INFO - Downloaded models/churn_model_20250225_175647.pkl from MinIO to temporary file /tmp/tmpe2xxtupx.
2025-02-25 02:41:35,392 - my_app - INFO - Downloaded models/minmax_scaler.pkl from MinIO to temporary file /tmp/tmpm8_szzi0.
2025-02-26 03:06:37,192 - my_app - INFO - BUCKET_NAME from env: marketing.models
2025-02-26 03:06:37,665 - my_app - INFO - Downloaded models/churn_model_20250225_175647.pkl from MinIO to temporary file /tmp/tmphaqxtzu8.
2025-02-26 03:06:37,678 - my_app - INFO - Downloaded models/minmax_scaler.pkl from MinIO to temporary file /tmp/tmpnqg393sr.
2025-02-26 23:26:57,881 - my_app - INFO - BUCKET_NAME from env: marketing.models
2025-02-26 23:26:58,165 - my_app - INFO - Downloaded models/churn_model_20250225_175647.pkl from MinIO to temporary file /tmp/tmp9wrdk8xp.
2025-02-26 23:26:58,176 - my_app - INFO - Downloaded models/minmax_scaler.pkl from MinIO to temporary file /tmp/tmp91jm468k.
2025-03-01 02:44:43,745 - my_app - INFO - BUCKET_NAME from env: marketing.models
2025-03-01 02:44:44,387 - my_app - INFO - Downloaded models/churn_model_20250225_175647.pkl from MinIO to temporary file /tmp/tmpanroumta.
2025-03-01 02:44:44,401 - my_app - INFO - Downloaded models/minmax_scaler.pkl from MinIO to temporary file /tmp/tmp_do08sfr.
2025-03-02 07:27:44,444 - my_app - INFO - Downloaded models/inference_features_survival.txt from MinIO to temporary file /tmp/tmpwpoy7a91.
2025-03-03 01:45:48,581 - my_app - INFO - BUCKET_NAME from env: marketing.models
2025-03-03 01:45:48,973 - my_app - INFO - Downloaded models/churn_model_20250225_175647.pkl from MinIO to temporary file /tmp/tmp3vknkb3s.
2025-03-03 01:45:48,985 - my_app - INFO - Downloaded models/minmax_scaler.pkl from MinIO to temporary file /tmp/tmp5k8asut6.
2025-03-03 01:45:49,176 - my_app - INFO - Downloaded models/inference_features_survival.txt from MinIO to temporary file /tmp/tmp51ha54dl.
2025-03-03 01:46:02,763 - my_app - INFO - Downloaded models/inference_features_survival.txt from MinIO to temporary file /tmp/tmphyht3z48.
2025-03-03 01:46:18,243 - my_app - INFO - Downloaded models/inference_features_survival.txt from MinIO to temporary file /tmp/tmpwb6q99b3.
2025-03-03 01:46:29,813 - my_app - INFO - Downloaded models/nps_model.pkl from MinIO to temporary file /tmp/tmpb66a7840.
2025-03-03 01:46:29,827 - my_app - INFO - Downloaded models/nps_scaler.pkl from MinIO to temporary file /tmp/tmpoq37kcld.
2025-03-03 01:46:36,895 - my_app - INFO - Downloaded models/inference_features_survival.txt from MinIO to temporary file /tmp/tmpwa65hu3m.
2025-03-03 01:56:30,429 - my_app - INFO - Downloaded models/inference_features_survival.txt from MinIO to temporary file /tmp/tmpl90hepi1.
2025-03-03 02:01:37,437 - my_app - INFO - Downloaded models/inference_features_survival.txt from MinIO to temporary file /tmp/tmpq2h51g86.
2025-03-03 02:05:39,727 - my_app - INFO - Downloaded models/inference_features_survival.txt from MinIO to temporary file /tmp/tmprvaqepgi.
2025-03-03 02:07:03,224 - my_app - INFO - Downloaded models/inference_features_survival.txt from MinIO to temporary file /tmp/tmprsfcc7qv.
2025-03-03 06:23:27,402 - my_app - INFO - Downloaded models/inference_features_survival.txt from MinIO to temporary file /tmp/tmptt0edumi.
2025-03-03 06:51:23,119 - my_app - INFO - Downloaded models/inference_features_survival.txt from MinIO to temporary file /tmp/tmp13pmwtdb.
2025-03-04 02:50:53,291 - my_app - INFO - BUCKET_NAME from env: marketing.models
2025-03-04 02:50:54,566 - my_app - INFO - Downloaded models/inference_features_survival.txt from MinIO to temporary file /tmp/tmp5p4g0k7o.
2025-03-04 02:50:59,227 - my_app - INFO - Downloaded models/inference_features_survival.txt from MinIO to temporary file /tmp/tmptgfuljce.
2025-03-05 00:48:56,218 - my_app - INFO - BUCKET_NAME from env: marketing.models
2025-03-05 00:48:57,614 - my_app - INFO - Downloaded models/inference_features_survival.txt from MinIO to temporary file /tmp/tmpuvnrnu76.
2025-03-05 02:00:02,847 - my_app - INFO - BUCKET_NAME from env: marketing.models
2025-03-05 02:00:03,571 - my_app - INFO - Downloaded models/inference_features_survival.txt from MinIO to temporary file /tmp/tmp2e004q7o.
2025-03-05 02:00:04,482 - my_app - INFO - BUCKET_NAME from env: marketing.models
2025-03-05 02:00:04,767 - my_app - INFO - Downloaded models/inference_features_survival.txt from MinIO to temporary file /tmp/tmpxk3ljhj4.
2025-03-05 02:00:39,101 - my_app - INFO - Downloaded models/inference_features_survival.txt from MinIO to temporary file /tmp/tmpte4zupvx.
2025-03-05 02:00:40,781 - my_app - INFO - Downloaded models/inference_features_survival.txt from MinIO to temporary file /tmp/tmpu_ntp774.
2025-03-05 03:16:32,746 - my_app - INFO - BUCKET_NAME from env: marketing.models
2025-03-05 03:16:33,222 - my_app - INFO - Downloaded models/inference_features_survival.txt from MinIO to temporary file /tmp/tmpxb6irbww.
2025-03-05 03:19:04,952 - my_app - INFO - Downloaded models/inference_features_survival.txt from MinIO to temporary file /tmp/tmplim2ri3q.
2025-03-05 03:38:37,135 - my_app - INFO - BUCKET_NAME from env: marketing.models
2025-03-05 03:38:40,099 - my_app - INFO - Downloaded models/inference_features_survival.txt from MinIO to temporary file /tmp/tmpybe9dw7c.
2025-03-05 03:41:10,833 - my_app - INFO - Downloaded models/inference_features_survival.txt from MinIO to temporary file /tmp/tmp38mc_yl_.
2025-03-05 03:41:21,200 - my_app - INFO - Downloaded models/inference_features_survival.txt from MinIO to temporary file /tmp/tmpgnsf8r2i.
2025-03-05 03:41:36,905 - my_app - INFO - Downloaded models/nps_model.pkl from MinIO to temporary file /tmp/tmpce0c3cn5.
2025-03-05 03:41:36,921 - my_app - INFO - Downloaded models/nps_scaler.pkl from MinIO to temporary file /tmp/tmp9vmi8dmd.
2025-03-05 04:20:57,074 - my_app - INFO - BUCKET_NAME from env: marketing.models
2025-03-05 04:20:57,573 - my_app - INFO - Downloaded models/inference_features_survival.txt from MinIO to temporary file /tmp/tmpl6p4ycuj.
2025-03-05 04:20:58,757 - my_app - INFO - BUCKET_NAME from env: marketing.models
2025-03-05 04:20:59,210 - my_app - INFO - Downloaded models/inference_features_survival.txt from MinIO to temporary file /tmp/tmpyn4nv7e2.
2025-03-05 04:20:59,773 - my_app - INFO - BUCKET_NAME from env: marketing.models
2025-03-05 04:21:00,303 - my_app - INFO - Downloaded models/inference_features_survival.txt from MinIO to temporary file /tmp/tmpj819ht79.
2025-03-05 04:21:01,231 - my_app - INFO - Downloaded models/inference_features_survival.txt from MinIO to temporary file /tmp/tmp7co96vgl.
2025-03-05 04:37:33,593 - my_app - INFO - BUCKET_NAME from env: marketing.models
2025-03-05 04:37:34,091 - my_app - INFO - Downloaded models/inference_features_survival.txt from MinIO to temporary file /tmp/tmplxka6k5d.
2025-03-05 21:23:29,083 - my_app - INFO - Generated presigned URL for skeleton_hand.glb: http://minio:9000/marketing.models/skeleton_hand.glb?AWSAccessKeyId=minioadmin&Signature=MSbu8Gu9q7wntbpb0Bf8ZxIxKTk%3D&Expires=1741231409
2025-03-05 21:23:29,085 - my_app - INFO - Generated presigned URL for flesh_hand.glb: http://minio:9000/marketing.models/flesh_hand.glb?AWSAccessKeyId=minioadmin&Signature=EhwXZrrJPbrEBHjw1djXQItj1uo%3D&Expires=1741231409
2025-03-05 21:25:16,172 - my_app - INFO - Generated presigned URL for skeleton_hand.glb: http://minio:9000/marketing.models/skeleton_hand.glb?AWSAccessKeyId=minioadmin&Signature=x8cy%2BTeFfzYvqnWMIUhBziapmFE%3D&Expires=1741231516
2025-03-05 21:25:16,173 - my_app - INFO - Generated presigned URL for flesh_hand.glb: http://minio:9000/marketing.models/flesh_hand.glb?AWSAccessKeyId=minioadmin&Signature=ND%2B%2FlnBDeYD7l3kJozGgcPT0hJ0%3D&Expires=1741231516
2025-03-05 21:27:06,497 - my_app - INFO - Generated presigned URL for skeleton_hand.glb: http://minio:9000/marketing.models/skeleton_hand.glb?AWSAccessKeyId=minioadmin&Signature=2LlBKFxy6NaVjC5SbS9smG9dMtA%3D&Expires=1741231626
2025-03-05 21:27:06,499 - my_app - INFO - Generated presigned URL for flesh_hand.glb: http://minio:9000/marketing.models/flesh_hand.glb?AWSAccessKeyId=minioadmin&Signature=mJEfHbBE%2F9zAiH5my%2FbxFmOkv5s%3D&Expires=1741231626
2025-03-05 21:27:09,501 - my_app - INFO - Downloaded models/churn_model_20250225_175647.pkl from MinIO to temporary file /tmp/tmpni1588cz.
2025-03-05 21:27:09,514 - my_app - INFO - Downloaded models/minmax_scaler.pkl from MinIO to temporary file /tmp/tmp946s8grn.
2025-03-05 21:27:09,754 - my_app - INFO - Downloaded models/inference_features_survival.txt from MinIO to temporary file /tmp/tmpo_c3oz_8.
2025-03-05 21:27:28,873 - my_app - INFO - Generated presigned URL for skeleton_hand.glb: http://minio:9000/marketing.models/skeleton_hand.glb?AWSAccessKeyId=minioadmin&Signature=M1j%2F6GdgIfqL6Y%2BK4DLCNfi4Juk%3D&Expires=1741231648
2025-03-05 21:27:28,874 - my_app - INFO - Generated presigned URL for flesh_hand.glb: http://minio:9000/marketing.models/flesh_hand.glb?AWSAccessKeyId=minioadmin&Signature=7l3n49zDghk1QpK%2FJHPnOu2XWr0%3D&Expires=1741231648
2025-03-06 13:33:45,584 - my_app - INFO - Generated presigned URL for skeleton_hand.glb: http://minio:9000/marketing.models/skeleton_hand.glb?AWSAccessKeyId=minioadmin&Signature=YhsdXgGZEfQxznO2LJR0%2BkhIUmI%3D&Expires=1741232025
2025-03-06 13:33:45,586 - my_app - INFO - Generated presigned URL for flesh_hand.glb: http://minio:9000/marketing.models/flesh_hand.glb?AWSAccessKeyId=minioadmin&Signature=EVCtuXmBKf2JrKoaXj9fX%2F%2BXp2g%3D&Expires=1741232025
2025-03-05 21:33:57,506 - my_app - INFO - Generated presigned URL for skeleton_hand.glb: http://minio:9000/marketing.models/skeleton_hand.glb?AWSAccessKeyId=minioadmin&Signature=DXYbi5NU2NQ4MG1xgVtpC3Pz2uQ%3D&Expires=1741232037
2025-03-05 21:33:57,507 - my_app - INFO - Generated presigned URL for flesh_hand.glb: http://minio:9000/marketing.models/flesh_hand.glb?AWSAccessKeyId=minioadmin&Signature=tq0%2FDce6ekOKYKRPAHdGoXuZDHo%3D&Expires=1741232037
2025-03-06 13:36:19,116 - my_app - INFO - Generated presigned URL for skeleton_hand.glb: http://minio:9000/marketing.models/skeleton_hand.glb?AWSAccessKeyId=minioadmin&Signature=qRYbqHUrrbPUQ0QMPb11h%2B8ib2o%3D&Expires=1741232179
2025-03-06 13:36:19,117 - my_app - INFO - Generated presigned URL for flesh_hand.glb: http://minio:9000/marketing.models/flesh_hand.glb?AWSAccessKeyId=minioadmin&Signature=9VmKVUPj5Jt8deLiv7hhR%2F14Lho%3D&Expires=1741232179
2025-03-06 13:39:07,664 - my_app - INFO - Generated presigned URL for skeleton_hand.glb: http://minio:9000/marketing.models/skeleton_hand.glb?AWSAccessKeyId=minioadmin&Signature=Vk1IswpxbkkCirVtLFLSXt6ZKlY%3D&Expires=1741232347
2025-03-06 13:39:07,666 - my_app - INFO - Generated presigned URL for flesh_hand.glb: http://minio:9000/marketing.models/flesh_hand.glb?AWSAccessKeyId=minioadmin&Signature=QQtZB9lMUSiaB88EsHqmDEZzLz4%3D&Expires=1741232347
2025-03-06 13:41:23,681 - my_app - INFO - Generated presigned URL for skeleton_hand.glb: http://minio:9000/marketing.models/skeleton_hand.glb?AWSAccessKeyId=minioadmin&Signature=8kdRzOOozyVsKj%2FvbYraGVnQ3Pk%3D&Expires=1741232483
2025-03-06 13:41:23,682 - my_app - INFO - Generated presigned URL for flesh_hand.glb: http://minio:9000/marketing.models/flesh_hand.glb?AWSAccessKeyId=minioadmin&Signature=dh2vHHgrZWi6PUJ31mC1ZSBuMxY%3D&Expires=1741232483
2025-03-06 13:43:39,619 - my_app - INFO - Generated presigned URL for skeleton_hand.glb: http://minio:9000/marketing.models/skeleton_hand.glb?AWSAccessKeyId=minioadmin&Signature=HK9Uw5VFxisBUSdPVRI5SUJMWWY%3D&Expires=1741232619
2025-03-06 13:43:39,620 - my_app - INFO - Generated presigned URL for flesh_hand.glb: http://minio:9000/marketing.models/flesh_hand.glb?AWSAccessKeyId=minioadmin&Signature=2w6ezP3zy6%2BKVaQDQEoQLbk%2BINM%3D&Expires=1741232619
2025-03-06 13:49:26,526 - my_app - INFO - Generated presigned URL for skeleton_hand.glb: http://minio:9000/marketing.models/skeleton_hand.glb?AWSAccessKeyId=minioadmin&Signature=r81SYTuympZ2UfRA2iWH2X0in6c%3D&Expires=1741232966
2025-03-06 13:49:26,529 - my_app - INFO - Generated presigned URL for flesh_hand.glb: http://minio:9000/marketing.models/flesh_hand.glb?AWSAccessKeyId=minioadmin&Signature=dHiRa0DL%2BG2MmWseLXJXG6OEY4I%3D&Expires=1741232966
2025-03-05 21:49:33,729 - my_app - INFO - Generated presigned URL for skeleton_hand.glb: http://minio:9000/marketing.models/skeleton_hand.glb?AWSAccessKeyId=minioadmin&Signature=tkjiBQfzkGYyl5XmJKZd3XttGZ0%3D&Expires=1741232973
2025-03-05 21:49:33,732 - my_app - INFO - Generated presigned URL for flesh_hand.glb: http://minio:9000/marketing.models/flesh_hand.glb?AWSAccessKeyId=minioadmin&Signature=BZjh%2BiSLkFh6LFV1RPEGJEgij7o%3D&Expires=1741232973
2025-03-05 21:49:34,831 - my_app - INFO - Downloaded models/inference_features_survival.txt from MinIO to temporary file /tmp/tmpelq15g55.
2025-03-06 13:53:38,533 - my_app - INFO - Generated presigned URL for skeleton_hand.glb: http://minio:9000/marketing.models/skeleton_hand.glb?AWSAccessKeyId=minioadmin&Signature=Mo3ZfJUYenxPw2Foo9pk8exY3Lk%3D&Expires=1741233218
2025-03-06 13:53:38,541 - my_app - INFO - Generated presigned URL for flesh_hand.glb: http://minio:9000/marketing.models/flesh_hand.glb?AWSAccessKeyId=minioadmin&Signature=24Ep6oInBvjIbP%2FuM1LEwVqrEK0%3D&Expires=1741233218
2025-03-06 13:57:47,287 - my_app - INFO - Generated presigned URL for skeleton_hand.glb: http://minio:9000/marketing.models/skeleton_hand.glb?AWSAccessKeyId=minioadmin&Signature=GsN5gaUowC8m8qdNor8A8l%2Fjj6k%3D&Expires=1741233467
2025-03-06 13:57:47,293 - my_app - INFO - Generated presigned URL for flesh_hand.glb: http://minio:9000/marketing.models/flesh_hand.glb?AWSAccessKeyId=minioadmin&Signature=lwHg3o9etSQEamm6lbE7bhbzyAo%3D&Expires=1741233467
2025-03-06 14:09:51,033 - my_app - INFO - [DEBUG] Using MINIO_ENDPOINT: http://minio:9000
2025-03-06 14:09:51,244 - my_app - INFO - Generated presigned URL for skeleton_hand.glb: http://http:/minio%3A9000/marketing.models/skeleton_hand.glb?AWSAccessKeyId=minioadmin&Signature=ju8KmmfPHT0Kpq%2FtEHEoh%2FKunHA%3D&Expires=1741234191
2025-03-06 14:09:51,245 - my_app - INFO - [DEBUG] Using MINIO_ENDPOINT: http://minio:9000
2025-03-06 14:09:51,252 - my_app - INFO - Generated presigned URL for flesh_hand.glb: http://http:/minio%3A9000/marketing.models/flesh_hand.glb?AWSAccessKeyId=minioadmin&Signature=78hKVC0lDTTf7aJOyJoT5RNatIU%3D&Expires=1741234191
2025-03-06 14:12:14,565 - my_app - INFO - [DEBUG] Using MINIO_ENDPOINT: minio:9000
2025-03-06 14:12:14,779 - my_app - INFO - Generated presigned URL for skeleton_hand.glb: http://minio:9000/marketing.models/skeleton_hand.glb?AWSAccessKeyId=minioadmin&Signature=E%2BrAbzGWYi2Ua4XM6aSu9qkwIjk%3D&Expires=1741234334
2025-03-06 14:12:14,780 - my_app - INFO - [DEBUG] Using MINIO_ENDPOINT: minio:9000
2025-03-06 14:12:14,785 - my_app - INFO - Generated presigned URL for flesh_hand.glb: http://minio:9000/marketing.models/flesh_hand.glb?AWSAccessKeyId=minioadmin&Signature=Cu2IagZquCvnVxePdq6m%2BySr%2FHA%3D&Expires=1741234334
2025-03-06 14:50:39,005 - my_app - INFO - [DEBUG] Using MINIO_ENDPOINT: minio:9000
2025-03-06 14:50:39,465 - my_app - INFO - Generated presigned URL for skeleton_hand.glb: http://minio:9000/marketing.models/skeleton_hand.glb?AWSAccessKeyId=minioadmin&Signature=2nOIpOX6i6m4Z%2BY8lwpcVg43SeM%3D&Expires=1741236639
2025-03-06 14:50:39,466 - my_app - INFO - [DEBUG] Using MINIO_ENDPOINT: minio:9000
2025-03-06 14:50:39,471 - my_app - INFO - Generated presigned URL for flesh_hand.glb: http://minio:9000/marketing.models/flesh_hand.glb?AWSAccessKeyId=minioadmin&Signature=kRkcqpDV07dk3HfbGyybF4ZKSzU%3D&Expires=1741236639
2025-03-05 22:52:39,091 - my_app - INFO - [DEBUG] Using MINIO_ENDPOINT: http://minio:9000
2025-03-05 22:52:39,413 - my_app - INFO - Generated presigned URL for skeleton_hand.glb: http://http:/minio%3A9000/marketing.models/skeleton_hand.glb?AWSAccessKeyId=minioadmin&Signature=iiQziT9Z1u%2B4Jv1ZnhOc67g9xgw%3D&Expires=1741236759
2025-03-05 22:52:39,413 - my_app - INFO - [DEBUG] Using MINIO_ENDPOINT: http://minio:9000
2025-03-05 22:52:39,421 - my_app - INFO - Generated presigned URL for flesh_hand.glb: http://http:/minio%3A9000/marketing.models/flesh_hand.glb?AWSAccessKeyId=minioadmin&Signature=nCNxiahOecClfLpQ8c8EjmLEg8I%3D&Expires=1741236759
2025-03-05 22:52:40,878 - my_app - INFO - [DEBUG] Using MINIO_ENDPOINT: http://minio:9000
2025-03-05 22:52:41,902 - my_app - INFO - [DEBUG] Using MINIO_ENDPOINT: http://minio:9000
2025-03-05 22:52:43,391 - my_app - INFO - [DEBUG] Using MINIO_ENDPOINT: http://minio:9000
2025-03-06 14:56:38,582 - my_app - INFO - [DEBUG] MINIO_ENDPOINT: minio:9000, MINIO_USE_SSL: false
2025-03-06 14:56:38,813 - my_app - INFO - Generated presigned URL for skeleton_hand.glb: http://minio:9000/marketing.models/skeleton_hand.glb?AWSAccessKeyId=minioadmin&Signature=4zSHo6na5T941zdl6FavjGNXxQ0%3D&Expires=1741236998
2025-03-06 14:56:38,813 - my_app - INFO - [DEBUG] MINIO_ENDPOINT: minio:9000, MINIO_USE_SSL: false
2025-03-06 14:56:38,819 - my_app - INFO - Generated presigned URL for flesh_hand.glb: http://minio:9000/marketing.models/flesh_hand.glb?AWSAccessKeyId=minioadmin&Signature=t4mzGBS2w5Wvqr%2Bm%2BnEGrLKOphI%3D&Expires=1741236998
2025-03-05 22:57:54,893 - my_app - INFO - [DEBUG] MINIO_ENDPOINT: lucidanalytics-production.up.railway.app, MINIO_USE_SSL: true
2025-03-05 22:57:55,204 - my_app - INFO - Generated presigned URL for skeleton_hand.glb: https://lucidanalytics-production.up.railway.app/marketing.models/skeleton_hand.glb?AWSAccessKeyId=minioadmin&Signature=eBjhTzLhzu3bE6kzXSJHzrmknEI%3D&Expires=1741237075
2025-03-06 15:00:53,215 - my_app - INFO - [DEBUG] MINIO_ENDPOINT: minio:9000, MINIO_USE_SSL: false
2025-03-06 15:00:53,519 - my_app - INFO - Generated presigned URL for skeleton_hand.glb: http://minio:9000/marketing.models/skeleton_hand.glb?AWSAccessKeyId=minioadmin&Signature=9fiwycHV88dMqYO8CssFkFKMXzs%3D&Expires=1741237253
2025-03-06 15:00:53,520 - my_app - INFO - [DEBUG] MINIO_ENDPOINT: minio:9000, MINIO_USE_SSL: false
2025-03-06 15:00:53,529 - my_app - INFO - Generated presigned URL for flesh_hand.glb: http://minio:9000/marketing.models/flesh_hand.glb?AWSAccessKeyId=minioadmin&Signature=ubPcQcrZ8GqyzIdD2xC%2B5fMCDog%3D&Expires=1741237253
2025-03-05 23:01:11,621 - my_app - INFO - [DEBUG] MINIO_ENDPOINT: lucidanalytics-production.up.railway.app, MINIO_USE_SSL: true
2025-03-05 23:01:11,796 - my_app - INFO - Generated presigned URL for skeleton_hand.glb: https://lucidanalytics-production.up.railway.app/marketing.models/skeleton_hand.glb?AWSAccessKeyId=minioadmin&Signature=fT9ynawdpfYD3sv3P2BFq9KAJ8Q%3D&Expires=1741237271
2025-03-05 23:03:53,581 - my_app - INFO - [DEBUG] MINIO_ENDPOINT: lucidanalytics-production.up.railway.app, MINIO_USE_SSL: true
2025-03-05 23:03:53,851 - my_app - INFO - Generated presigned URL for skeleton_hand.glb: https://lucidanalytics-production.up.railway.app/marketing.models/skeleton_hand.glb?AWSAccessKeyId=minioadmin&Signature=Udrfs4LByXoeBi5MQdp8twM6968%3D&Expires=1741237433
2025-03-05 23:07:10,144 - my_app - INFO - [DEBUG] MINIO_ENDPOINT: lucidanalytics-production.up.railway.app, MINIO_USE_SSL: true
2025-03-05 23:07:10,389 - my_app - INFO - Generated presigned URL for models/skeleton_hand.glb: https://lucidanalytics-production.up.railway.app/marketing.models/models/skeleton_hand.glb?AWSAccessKeyId=minioadmin&Signature=J09ULTPQYT%2BgLTuGCm1uM5dlKhE%3D&Expires=1741237630
2025-03-05 23:07:21,523 - my_app - INFO - [DEBUG] MINIO_ENDPOINT: lucidanalytics-production.up.railway.app, MINIO_USE_SSL: true
2025-03-05 23:07:21,660 - my_app - INFO - Generated presigned URL for models/skeleton_hand.glb: https://lucidanalytics-production.up.railway.app/marketing.models/models/skeleton_hand.glb?AWSAccessKeyId=minioadmin&Signature=7HkCr9tijvEpw%2BdfXW%2BhH4R0gn4%3D&Expires=1741237641
2025-03-06 15:08:49,645 - my_app - INFO - [DEBUG] MINIO_ENDPOINT: minio:9000, MINIO_USE_SSL: false
2025-03-06 15:08:49,871 - my_app - INFO - Generated presigned URL for skeleton_hand.glb: http://minio:9000/marketing.models/skeleton_hand.glb?AWSAccessKeyId=minioadmin&Signature=VLV94QhHIIUXvbVj7KCifkLvVm4%3D&Expires=1741237729
2025-03-06 15:08:49,871 - my_app - INFO - [DEBUG] MINIO_ENDPOINT: minio:9000, MINIO_USE_SSL: false
2025-03-06 15:08:49,877 - my_app - INFO - Generated presigned URL for flesh_hand.glb: http://minio:9000/marketing.models/flesh_hand.glb?AWSAccessKeyId=minioadmin&Signature=J6ecYDoWvuhV2Pqt%2FATX9jAbfvI%3D&Expires=1741237729
2025-03-06 15:08:58,458 - my_app - INFO - [DEBUG] MINIO_ENDPOINT: minio:9000, MINIO_USE_SSL: false
2025-03-06 15:20:17,346 - my_app - INFO - [DEBUG] MINIO_ENDPOINT: minio:9000, MINIO_USE_SSL: false
2025-03-06 15:20:17,569 - my_app - INFO - Generated presigned URL for skeleton_hand.glb: http://minio:9000/marketing.models/skeleton_hand.glb?AWSAccessKeyId=minioadmin&Signature=Sc%2B1GhiqF%2BzvRldfmBgUnhI8cAk%3D&Expires=1741238417
2025-03-06 15:20:17,569 - my_app - INFO - [DEBUG] MINIO_ENDPOINT: minio:9000, MINIO_USE_SSL: false
2025-03-06 15:20:17,574 - my_app - INFO - Generated presigned URL for flesh_hand.glb: http://minio:9000/marketing.models/flesh_hand.glb?AWSAccessKeyId=minioadmin&Signature=x%2FsCNhGFJkEAJdiJqw8cHO3fwXE%3D&Expires=1741238417
2025-03-06 15:21:26,867 - my_app - INFO - [DEBUG] MINIO_ENDPOINT: minio:9000, MINIO_USE_SSL: false
2025-03-06 15:21:27,079 - my_app - INFO - Generated presigned URL for skeleton_hand.glb: http://minio:9000/marketing.models/skeleton_hand.glb?AWSAccessKeyId=minioadmin&Signature=zIovAcGI7Ce%2Fpd%2FXJyfNyq8HE9M%3D&Expires=1741238487
2025-03-06 15:21:27,080 - my_app - INFO - [DEBUG] MINIO_ENDPOINT: minio:9000, MINIO_USE_SSL: false
2025-03-06 15:21:27,085 - my_app - INFO - Generated presigned URL for flesh_hand.glb: http://minio:9000/marketing.models/flesh_hand.glb?AWSAccessKeyId=minioadmin&Signature=x1ngIGslK26HT2trs8izxoThBBM%3D&Expires=1741238487
2025-03-05 23:21:55,497 - my_app - INFO - [DEBUG] MINIO_ENDPOINT: http://minio:9000, MINIO_USE_SSL: false
2025-03-05 23:21:59,503 - my_app - INFO - [DEBUG] MINIO_ENDPOINT: http://minio:9000, MINIO_USE_SSL: false
2025-03-05 23:22:00,837 - my_app - INFO - [DEBUG] MINIO_ENDPOINT: http://minio:9000, MINIO_USE_SSL: false
2025-03-05 23:22:01,792 - my_app - INFO - [DEBUG] MINIO_ENDPOINT: http://minio:9000, MINIO_USE_SSL: false
2025-03-05 23:22:03,208 - my_app - INFO - [DEBUG] MINIO_ENDPOINT: http://minio:9000, MINIO_USE_SSL: false
2025-03-05 23:22:04,180 - my_app - INFO - [DEBUG] MINIO_ENDPOINT: http://minio:9000, MINIO_USE_SSL: false
2025-03-06 15:26:09,076 - my_app - INFO - [DEBUG] MINIO_ENDPOINT: minio:9000, MINIO_USE_SSL: false
2025-03-06 15:26:09,362 - my_app - INFO - Generated presigned URL for skeleton_hand.glb: http://minio:9000/marketing.models/skeleton_hand.glb?AWSAccessKeyId=minioadmin&Signature=KjZUqJ1wrb4aSYyFtynQSyLDkh0%3D&Expires=1741238769
2025-03-06 15:26:09,363 - my_app - INFO - [DEBUG] MINIO_ENDPOINT: minio:9000, MINIO_USE_SSL: false
2025-03-06 15:26:09,368 - my_app - INFO - Generated presigned URL for flesh_hand.glb: http://minio:9000/marketing.models/flesh_hand.glb?AWSAccessKeyId=minioadmin&Signature=8FqF%2F5s1G%2F2lLDv64qv1G8zmBf4%3D&Expires=1741238769
2025-03-05 23:26:38,406 - my_app - INFO - [DEBUG] MINIO_ENDPOINT: minio:9000, MINIO_USE_SSL: false
2025-03-05 23:26:38,614 - my_app - INFO - Downloaded models/churn_model_20250225_175647.pkl from MinIO to temporary file /tmp/tmp4d4jp6_a.
2025-03-05 23:26:38,615 - my_app - INFO - [DEBUG] MINIO_ENDPOINT: minio:9000, MINIO_USE_SSL: false
2025-03-05 23:26:38,632 - my_app - INFO - Downloaded models/minmax_scaler.pkl from MinIO to temporary file /tmp/tmpapkiudg_.
2025-03-06 23:49:19,692 - my_app - INFO - [DEBUG] MINIO_ENDPOINT: lucidanalytics-production.up.railway.app, MINIO_USE_SSL: true
2025-03-06 23:49:20,237 - my_app - INFO - Generated presigned URL for models/skeleton_hand.glb: https://lucidanalytics-production.up.railway.app/marketing.models/models/skeleton_hand.glb?AWSAccessKeyId=minioadmin&Signature=cTF4bR923xlQckl7WUmENqq0v4M%3D&Expires=1741326560
2025-03-06 23:49:20,238 - my_app - INFO - [DEBUG] MINIO_ENDPOINT: lucidanalytics-production.up.railway.app, MINIO_USE_SSL: true
2025-03-06 23:49:20,245 - my_app - INFO - Generated presigned URL for models/flesh_hand.glb: https://lucidanalytics-production.up.railway.app/marketing.models/models/flesh_hand.glb?AWSAccessKeyId=minioadmin&Signature=1%2Fx1xiWE%2B37RlaBr5ut%2B%2BuU3eXY%3D&Expires=1741326560
